test.obj : error LNK2005: _main 已经在 test-1.obj 中定义
G:\code\test-11-28\Debug\test-11-28.exe : fatal error LNK1169: 找到一个或多个多重定义的符号
